<?xml version="1.0" encoding="UTF-8"?>
<testsuite xmlns:xsi="http://www.w3.org/2001/XMLSchema-instance" xsi:noNamespaceSchemaLocation="https://maven.apache.org/surefire/maven-surefire-plugin/xsd/surefire-test-report.xsd" name="shaparenko.task.RightJoinOperationTest" time="0.003" tests="2" errors="0" skipped="0" failures="0">
  <properties>
    <property name="sun.desktop" value="gnome"/>
    <property name="awt.toolkit" value="sun.awt.X11.XToolkit"/>
    <property name="file.encoding.pkg" value="sun.io"/>
    <property name="java.specification.version" value="1.8"/>
    <property name="sun.cpu.isalist" value=""/>
    <property name="sun.jnu.encoding" value="UTF-8"/>
    <property name="java.class.path" value="/home/shaparenko/IdeaProjects/IntelliasTaskGit/mykola_shaparenko/target/test-classes:/home/shaparenko/IdeaProjects/IntelliasTaskGit/mykola_shaparenko/target/classes:/home/shaparenko/.m2/repository/org/apache/maven/plugins/maven-compiler-plugin/3.8.1/maven-compiler-plugin-3.8.1.jar:/home/shaparenko/.m2/repository/org/apache/maven/maven-plugin-api/3.0/maven-plugin-api-3.0.jar:/home/shaparenko/.m2/repository/org/apache/maven/maven-model/3.0/maven-model-3.0.jar:/home/shaparenko/.m2/repository/org/sonatype/sisu/sisu-inject-plexus/1.4.2/sisu-inject-plexus-1.4.2.jar:/home/shaparenko/.m2/repository/org/sonatype/sisu/sisu-inject-bean/1.4.2/sisu-inject-bean-1.4.2.jar:/home/shaparenko/.m2/repository/org/sonatype/sisu/sisu-guice/2.1.7/sisu-guice-2.1.7-noaop.jar:/home/shaparenko/.m2/repository/org/apache/maven/maven-artifact/3.0/maven-artifact-3.0.jar:/home/shaparenko/.m2/repository/org/codehaus/plexus/plexus-utils/2.0.4/plexus-utils-2.0.4.jar:/home/shaparenko/.m2/repository/org/apache/maven/maven-core/3.0/maven-core-3.0.jar:/home/shaparenko/.m2/repository/org/apache/maven/maven-settings/3.0/maven-settings-3.0.jar:/home/shaparenko/.m2/repository/org/apache/maven/maven-settings-builder/3.0/maven-settings-builder-3.0.jar:/home/shaparenko/.m2/repository/org/apache/maven/maven-repository-metadata/3.0/maven-repository-metadata-3.0.jar:/home/shaparenko/.m2/repository/org/apache/maven/maven-model-builder/3.0/maven-model-builder-3.0.jar:/home/shaparenko/.m2/repository/org/apache/maven/maven-aether-provider/3.0/maven-aether-provider-3.0.jar:/home/shaparenko/.m2/repository/org/sonatype/aether/aether-impl/1.7/aether-impl-1.7.jar:/home/shaparenko/.m2/repository/org/sonatype/aether/aether-spi/1.7/aether-spi-1.7.jar:/home/shaparenko/.m2/repository/org/sonatype/aether/aether-api/1.7/aether-api-1.7.jar:/home/shaparenko/.m2/repository/org/sonatype/aether/aether-util/1.7/aether-util-1.7.jar:/home/shaparenko/.m2/repository/org/codehaus/plexus/plexus-interpolation/1.14/plexus-interpolation-1.14.jar:/home/shaparenko/.m2/repository/org/codehaus/plexus/plexus-classworlds/2.2.3/plexus-classworlds-2.2.3.jar:/home/shaparenko/.m2/repository/org/codehaus/plexus/plexus-component-annotations/1.5.5/plexus-component-annotations-1.5.5.jar:/home/shaparenko/.m2/repository/org/sonatype/plexus/plexus-sec-dispatcher/1.3/plexus-sec-dispatcher-1.3.jar:/home/shaparenko/.m2/repository/org/sonatype/plexus/plexus-cipher/1.4/plexus-cipher-1.4.jar:/home/shaparenko/.m2/repository/org/apache/maven/shared/maven-shared-utils/3.2.1/maven-shared-utils-3.2.1.jar:/home/shaparenko/.m2/repository/commons-io/commons-io/2.5/commons-io-2.5.jar:/home/shaparenko/.m2/repository/org/apache/maven/shared/maven-shared-incremental/1.1/maven-shared-incremental-1.1.jar:/home/shaparenko/.m2/repository/org/codehaus/plexus/plexus-java/0.9.10/plexus-java-0.9.10.jar:/home/shaparenko/.m2/repository/org/ow2/asm/asm/6.2/asm-6.2.jar:/home/shaparenko/.m2/repository/com/thoughtworks/qdox/qdox/2.0-M8/qdox-2.0-M8.jar:/home/shaparenko/.m2/repository/org/codehaus/plexus/plexus-compiler-api/2.8.4/plexus-compiler-api-2.8.4.jar:/home/shaparenko/.m2/repository/org/codehaus/plexus/plexus-compiler-manager/2.8.4/plexus-compiler-manager-2.8.4.jar:/home/shaparenko/.m2/repository/org/codehaus/plexus/plexus-compiler-javac/2.8.4/plexus-compiler-javac-2.8.4.jar:/home/shaparenko/.m2/repository/org/junit/jupiter/junit-jupiter-engine/5.8.2/junit-jupiter-engine-5.8.2.jar:/home/shaparenko/.m2/repository/org/junit/platform/junit-platform-engine/1.8.2/junit-platform-engine-1.8.2.jar:/home/shaparenko/.m2/repository/org/opentest4j/opentest4j/1.2.0/opentest4j-1.2.0.jar:/home/shaparenko/.m2/repository/org/junit/platform/junit-platform-commons/1.8.2/junit-platform-commons-1.8.2.jar:/home/shaparenko/.m2/repository/org/junit/jupiter/junit-jupiter-api/5.8.2/junit-jupiter-api-5.8.2.jar:/home/shaparenko/.m2/repository/org/apiguardian/apiguardian-api/1.1.2/apiguardian-api-1.1.2.jar:"/>
    <property name="java.vm.vendor" value="Amazon.com Inc."/>
    <property name="sun.arch.data.model" value="64"/>
    <property name="java.vendor.url" value="https://aws.amazon.com/corretto/"/>
    <property name="user.timezone" value=""/>
    <property name="java.vm.specification.version" value="1.8"/>
    <property name="os.name" value="Linux"/>
    <property name="user.country" value="US"/>
    <property name="sun.java.launcher" value="SUN_STANDARD"/>
    <property name="sun.boot.library.path" value="/home/shaparenko/.jdks/corretto-1.8.0_332/jre/lib/amd64"/>
    <property name="sun.java.command" value="/home/shaparenko/IdeaProjects/IntelliasTaskGit/mykola_shaparenko/target/surefire/surefirebooter6057490477100434440.jar /home/shaparenko/IdeaProjects/IntelliasTaskGit/mykola_shaparenko/target/surefire 2022-11-19T23-46-41_069-jvmRun1 surefire5927923484037519370tmp surefire_06284131281420614048tmp"/>
    <property name="surefire.test.class.path" value="/home/shaparenko/IdeaProjects/IntelliasTaskGit/mykola_shaparenko/target/test-classes:/home/shaparenko/IdeaProjects/IntelliasTaskGit/mykola_shaparenko/target/classes:/home/shaparenko/.m2/repository/org/apache/maven/plugins/maven-compiler-plugin/3.8.1/maven-compiler-plugin-3.8.1.jar:/home/shaparenko/.m2/repository/org/apache/maven/maven-plugin-api/3.0/maven-plugin-api-3.0.jar:/home/shaparenko/.m2/repository/org/apache/maven/maven-model/3.0/maven-model-3.0.jar:/home/shaparenko/.m2/repository/org/sonatype/sisu/sisu-inject-plexus/1.4.2/sisu-inject-plexus-1.4.2.jar:/home/shaparenko/.m2/repository/org/sonatype/sisu/sisu-inject-bean/1.4.2/sisu-inject-bean-1.4.2.jar:/home/shaparenko/.m2/repository/org/sonatype/sisu/sisu-guice/2.1.7/sisu-guice-2.1.7-noaop.jar:/home/shaparenko/.m2/repository/org/apache/maven/maven-artifact/3.0/maven-artifact-3.0.jar:/home/shaparenko/.m2/repository/org/codehaus/plexus/plexus-utils/2.0.4/plexus-utils-2.0.4.jar:/home/shaparenko/.m2/repository/org/apache/maven/maven-core/3.0/maven-core-3.0.jar:/home/shaparenko/.m2/repository/org/apache/maven/maven-settings/3.0/maven-settings-3.0.jar:/home/shaparenko/.m2/repository/org/apache/maven/maven-settings-builder/3.0/maven-settings-builder-3.0.jar:/home/shaparenko/.m2/repository/org/apache/maven/maven-repository-metadata/3.0/maven-repository-metadata-3.0.jar:/home/shaparenko/.m2/repository/org/apache/maven/maven-model-builder/3.0/maven-model-builder-3.0.jar:/home/shaparenko/.m2/repository/org/apache/maven/maven-aether-provider/3.0/maven-aether-provider-3.0.jar:/home/shaparenko/.m2/repository/org/sonatype/aether/aether-impl/1.7/aether-impl-1.7.jar:/home/shaparenko/.m2/repository/org/sonatype/aether/aether-spi/1.7/aether-spi-1.7.jar:/home/shaparenko/.m2/repository/org/sonatype/aether/aether-api/1.7/aether-api-1.7.jar:/home/shaparenko/.m2/repository/org/sonatype/aether/aether-util/1.7/aether-util-1.7.jar:/home/shaparenko/.m2/repository/org/codehaus/plexus/plexus-interpolation/1.14/plexus-interpolation-1.14.jar:/home/shaparenko/.m2/repository/org/codehaus/plexus/plexus-classworlds/2.2.3/plexus-classworlds-2.2.3.jar:/home/shaparenko/.m2/repository/org/codehaus/plexus/plexus-component-annotations/1.5.5/plexus-component-annotations-1.5.5.jar:/home/shaparenko/.m2/repository/org/sonatype/plexus/plexus-sec-dispatcher/1.3/plexus-sec-dispatcher-1.3.jar:/home/shaparenko/.m2/repository/org/sonatype/plexus/plexus-cipher/1.4/plexus-cipher-1.4.jar:/home/shaparenko/.m2/repository/org/apache/maven/shared/maven-shared-utils/3.2.1/maven-shared-utils-3.2.1.jar:/home/shaparenko/.m2/repository/commons-io/commons-io/2.5/commons-io-2.5.jar:/home/shaparenko/.m2/repository/org/apache/maven/shared/maven-shared-incremental/1.1/maven-shared-incremental-1.1.jar:/home/shaparenko/.m2/repository/org/codehaus/plexus/plexus-java/0.9.10/plexus-java-0.9.10.jar:/home/shaparenko/.m2/repository/org/ow2/asm/asm/6.2/asm-6.2.jar:/home/shaparenko/.m2/repository/com/thoughtworks/qdox/qdox/2.0-M8/qdox-2.0-M8.jar:/home/shaparenko/.m2/repository/org/codehaus/plexus/plexus-compiler-api/2.8.4/plexus-compiler-api-2.8.4.jar:/home/shaparenko/.m2/repository/org/codehaus/plexus/plexus-compiler-manager/2.8.4/plexus-compiler-manager-2.8.4.jar:/home/shaparenko/.m2/repository/org/codehaus/plexus/plexus-compiler-javac/2.8.4/plexus-compiler-javac-2.8.4.jar:/home/shaparenko/.m2/repository/org/junit/jupiter/junit-jupiter-engine/5.8.2/junit-jupiter-engine-5.8.2.jar:/home/shaparenko/.m2/repository/org/junit/platform/junit-platform-engine/1.8.2/junit-platform-engine-1.8.2.jar:/home/shaparenko/.m2/repository/org/opentest4j/opentest4j/1.2.0/opentest4j-1.2.0.jar:/home/shaparenko/.m2/repository/org/junit/platform/junit-platform-commons/1.8.2/junit-platform-commons-1.8.2.jar:/home/shaparenko/.m2/repository/org/junit/jupiter/junit-jupiter-api/5.8.2/junit-jupiter-api-5.8.2.jar:/home/shaparenko/.m2/repository/org/apiguardian/apiguardian-api/1.1.2/apiguardian-api-1.1.2.jar:"/>
    <property name="sun.cpu.endian" value="little"/>
    <property name="user.home" value="/home/shaparenko"/>
    <property name="user.language" value="en"/>
    <property name="java.specification.vendor" value="Oracle Corporation"/>
    <property name="java.home" value="/home/shaparenko/.jdks/corretto-1.8.0_332/jre"/>
    <property name="basedir" value="/home/shaparenko/IdeaProjects/IntelliasTaskGit/mykola_shaparenko"/>
    <property name="file.separator" value="/"/>
    <property name="line.separator" value="&#10;"/>
    <property name="java.vm.specification.vendor" value="Oracle Corporation"/>
    <property name="java.specification.name" value="Java Platform API Specification"/>
    <property name="java.awt.graphicsenv" value="sun.awt.X11GraphicsEnvironment"/>
    <property name="surefire.real.class.path" value="/home/shaparenko/IdeaProjects/IntelliasTaskGit/mykola_shaparenko/target/surefire/surefirebooter6057490477100434440.jar"/>
    <property name="sun.boot.class.path" value="/home/shaparenko/.jdks/corretto-1.8.0_332/jre/lib/resources.jar:/home/shaparenko/.jdks/corretto-1.8.0_332/jre/lib/rt.jar:/home/shaparenko/.jdks/corretto-1.8.0_332/jre/lib/sunrsasign.jar:/home/shaparenko/.jdks/corretto-1.8.0_332/jre/lib/jsse.jar:/home/shaparenko/.jdks/corretto-1.8.0_332/jre/lib/jce.jar:/home/shaparenko/.jdks/corretto-1.8.0_332/jre/lib/charsets.jar:/home/shaparenko/.jdks/corretto-1.8.0_332/jre/lib/jfr.jar:/home/shaparenko/.jdks/corretto-1.8.0_332/jre/classes"/>
    <property name="sun.management.compiler" value="HotSpot 64-Bit Tiered Compilers"/>
    <property name="java.runtime.version" value="1.8.0_332-b08"/>
    <property name="user.name" value="shaparenko"/>
    <property name="path.separator" value=":"/>
    <property name="os.version" value="5.15.0-53-generic"/>
    <property name="java.endorsed.dirs" value="/home/shaparenko/.jdks/corretto-1.8.0_332/jre/lib/endorsed"/>
    <property name="java.runtime.name" value="OpenJDK Runtime Environment"/>
    <property name="file.encoding" value="UTF-8"/>
    <property name="java.vm.name" value="OpenJDK 64-Bit Server VM"/>
    <property name="localRepository" value="/home/shaparenko/.m2/repository"/>
    <property name="java.vendor.url.bug" value="https://github.com/corretto/corretto-8/issues/"/>
    <property name="java.io.tmpdir" value="/tmp"/>
    <property name="idea.version" value="2022.2.3"/>
    <property name="java.version" value="1.8.0_332"/>
    <property name="user.dir" value="/home/shaparenko/IdeaProjects/IntelliasTaskGit/mykola_shaparenko"/>
    <property name="os.arch" value="amd64"/>
    <property name="java.vm.specification.name" value="Java Virtual Machine Specification"/>
    <property name="java.awt.printerjob" value="sun.print.PSPrinterJob"/>
    <property name="sun.os.patch.level" value="unknown"/>
    <property name="java.library.path" value="/usr/java/packages/lib/amd64:/usr/lib64:/lib64:/lib:/usr/lib"/>
    <property name="java.vm.info" value="mixed mode"/>
    <property name="java.vendor" value="Amazon.com Inc."/>
    <property name="java.vm.version" value="25.332-b08"/>
    <property name="java.ext.dirs" value="/home/shaparenko/.jdks/corretto-1.8.0_332/jre/lib/ext:/usr/java/packages/lib/ext"/>
    <property name="sun.io.unicode.encoding" value="UnicodeLittle"/>
    <property name="java.class.version" value="52.0"/>
  </properties>
  <testcase name="join" classname="shaparenko.task.RightJoinOperationTest" time="0"/>
  <testcase name="nullObject" classname="shaparenko.task.RightJoinOperationTest" time="0.003"/>
</testsuite>